EESchema (20080825c)  >> Creation date: 27/7/2009-01:16:55

#Cmp ( order = Reference )
| C2         1uF         
| C3         1uF         
| C5         0.1uF       
| C6         18pF        
| C7         0.01uf      
| C8         18pF        
| C9         0.1uF       
| D1         LED         
| P1         CONN_5X2    
| P2         CONN_5X2    
| P3         CONN_5X2    
| P4         CONN_2      
| P5         CONN_5X2    
| P6         CONN_5X2    
| P7         CONN_5X2    
| P8         CONN_2      
| R1         47K         
| R2         47K         
| R3         22          
| R4         22          
| R5         1K          
| SW1        SW_PUSH     
| SW2        SW_PUSH     
| U1         USB         
| U2         AT90USB1287 
| U3         AD595-AQ    
| X1         16MHz       
#End Cmp

#Cmp ( order = Value )
| 0.01uf       C7        
| 0.1uF        C5        
| 0.1uF        C9        
| 16MHz        X1        
| 18pF         C6        
| 18pF         C8        
| 1K           R5        
| 1uF          C2        
| 1uF          C3        
| 22           R3        
| 22           R4        
| 47K          R1        
| 47K          R2        
| AD595-AQ     U3        
| AT90USB1287  U2        
| CONN_2       P4        
| CONN_2       P8        
| CONN_5X2     P1        
| CONN_5X2     P2        
| CONN_5X2     P3        
| CONN_5X2     P5        
| CONN_5X2     P6        
| CONN_5X2     P7        
| LED          D1        
| SW_PUSH      SW1       
| SW_PUSH      SW2       
| USB          U1        
#End Cmp

#End List
