EESchema (20080825c)  >> Creation date: 24/7/2009-20:05:23

#Cmp ( order = Reference )
| C1         1uF         
| C2         10pF        
| C3         1uF         
| C4         0.1uF       
| C5         10pF        
| C6         0.1uF       
| C7         0.01uf      
| D1         LED         
| P1         CONN_4X2    
| P2         CONN_4X2    
| P3         CONN_4X2    
| P4         CONN_4X2    
| P5         CONN_4X2    
| R1         22          
| R2         22          
| R3         1K          
| R4         R           
| SW1        SW_PUSH     
| U1         USB         
| U2         AT90USB646  
| X1         16MHz       
#End Cmp

#Cmp ( order = Value )
| 0.01uf       C7        
| 0.1uF        C4        
| 0.1uF        C6        
| 10pF         C2        
| 10pF         C5        
| 16MHz        X1        
| 1K           R3        
| 1uF          C1        
| 1uF          C3        
| 22           R1        
| 22           R2        
| AT90USB646   U2        
| CONN_4X2     P1        
| CONN_4X2     P2        
| CONN_4X2     P3        
| CONN_4X2     P4        
| CONN_4X2     P5        
| LED          D1        
| R            R4        
| SW_PUSH      SW1       
| USB          U1        
#End Cmp

#End List
